  game.cpp
game.cpp(72): warning C4244: 'argument': conversion from 'time_t' to 'unsigned int', possible loss of data
game.cpp(166): warning C4244: '+=': conversion from 'double' to 'GLfloat', possible loss of data
  game_object.cpp
game_object.cpp(42): warning C4244: '=': conversion from 'GLuint' to 'float', possible loss of data
game_object.cpp(51): warning C4244: '=': conversion from 'GLuint' to 'float', possible loss of data
  main.cpp
  resource_manager.cpp
  shader.cpp
  sprite_renderer.cpp
  GLM: rotate function taking degrees as a parameter is deprecated. #define GLM_FORCE_RADIANS before including GLM headers to remove this message.
  texture.cpp
SOIL.lib(SOIL.obj) : warning LNK4075: ignoring '/EDITANDCONTINUE' due to '/OPT:ICF' specification
LINK : warning LNK4098: defaultlib 'LIBCMT' conflicts with use of other libs; use /NODEFAULTLIB:library
LINK : warning LNK4098: defaultlib 'MSVCRTD' conflicts with use of other libs; use /NODEFAULTLIB:library
  Generating code
  All 592 functions were compiled because no usable IPDB/IOBJ from previous compilation was found.
  Finished generating code
glew32s.lib(glew.obj) : warning LNK4099: PDB 'vc120.pdb' was not found with 'glew32s.lib(glew.obj)' or at 'C:\Users\Joseph\Documents\Visual Studio 2015\Projects\Platformer\Release\vc120.pdb'; linking object as if no debug info
SOIL.lib(image_DXT.obj) : warning LNK4099: PDB 'SOIL.pdb' was not found with 'SOIL.lib(image_DXT.obj)' or at 'C:\Users\Joseph\Documents\Visual Studio 2015\Projects\Platformer\Release\SOIL.pdb'; linking object as if no debug info
SOIL.lib(image_helper.obj) : warning LNK4099: PDB 'SOIL.pdb' was not found with 'SOIL.lib(image_helper.obj)' or at 'C:\Users\Joseph\Documents\Visual Studio 2015\Projects\Platformer\Release\SOIL.pdb'; linking object as if no debug info
SOIL.lib(SOIL.obj) : warning LNK4099: PDB 'SOIL.pdb' was not found with 'SOIL.lib(SOIL.obj)' or at 'C:\Users\Joseph\Documents\Visual Studio 2015\Projects\Platformer\Release\SOIL.pdb'; linking object as if no debug info
SOIL.lib(stb_image_aug.obj) : warning LNK4099: PDB 'SOIL.pdb' was not found with 'SOIL.lib(stb_image_aug.obj)' or at 'C:\Users\Joseph\Documents\Visual Studio 2015\Projects\Platformer\Release\SOIL.pdb'; linking object as if no debug info
  Platformer.vcxproj -> C:\Users\Joseph\Documents\Visual Studio 2015\Projects\Platformer\Release\Platformer.exe
  Platformer.vcxproj -> C:\Users\Joseph\Documents\Visual Studio 2015\Projects\Platformer\Release\Platformer.pdb (Full PDB)
